{
  "RSpec": {
    "coverage": {
      "/home/runner/Gigih-Family-Catering-NaufalFadhil/spec/controllers/menus_controller_spec.rb": {
        "lines": [
          1,
          null,
          1,
          1,
          1,
          1,
          1,
          1,
          null,
          1,
          null,
          null,
          1,
          1,
          1,
          null,
          null,
          null,
          1,
          1,
          1,
          1,
          1,
          null,
          null,
          1,
          1,
          1,
          1,
          null,
          null,
          null,
          1,
          1,
          1,
          1,
          null,
          null,
          1,
          1,
          1,
          null,
          null,
          null,
          1,
          1,
          1,
          1,
          1,
          null,
          null,
          1,
          1,
          1,
          1,
          null,
          null,
          null,
          1,
          1,
          1,
          1,
          1,
          null,
          null,
          null,
          1,
          1,
          1,
          null,
          null,
          null,
          1,
          1,
          1,
          1,
          null,
          null,
          null,
          1,
          1,
          1,
          null,
          null,
          null,
          null,
          1,
          1,
          5,
          null,
          null,
          1,
          1,
          1,
          1,
          null,
          null,
          1,
          1,
          1,
          1,
          null,
          null,
          1,
          1,
          1,
          null,
          null,
          null,
          1,
          1,
          1,
          1,
          null,
          null,
          1,
          1,
          1,
          1,
          null,
          null,
          null,
          null,
          1,
          1,
          2,
          null,
          null,
          1,
          1,
          1,
          null,
          null,
          null,
          1,
          1,
          1,
          null,
          null,
          null
        ]
      },
      "/home/runner/Gigih-Family-Catering-NaufalFadhil/spec/rails_helper.rb": {
        "lines": [
          null,
          1,
          1,
          1,
          null,
          1,
          1,
          null,
          1,
          null,
          null,
          null,
          null,
          null,
          null,
          null,
          null,
          null,
          null,
          null,
          null,
          null,
          null,
          null,
          null,
          null,
          null,
          null,
          1,
          null,
          0,
          0,
          null,
          1,
          null,
          1,
          null,
          null,
          null,
          null,
          1,
          null,
          null,
          null,
          null,
          null,
          null,
          null,
          null,
          null,
          null,
          null,
          null,
          null,
          null,
          null,
          null,
          null,
          1,
          null,
          null,
          1,
          null,
          null,
          null
        ]
      },
      "/home/runner/Gigih-Family-Catering-NaufalFadhil/spec/factories/admins.rb": {
        "lines": [
          1,
          1,
          1,
          1,
          null,
          null
        ]
      },
      "/home/runner/Gigih-Family-Catering-NaufalFadhil/spec/factories/categories.rb": {
        "lines": [
          1,
          1,
          3,
          null,
          null
        ]
      },
      "/home/runner/Gigih-Family-Catering-NaufalFadhil/spec/factories/customers.rb": {
        "lines": [
          1,
          1,
          2,
          2,
          2,
          2,
          null,
          null,
          1,
          3,
          3,
          3,
          3,
          null,
          null
        ]
      },
      "/home/runner/Gigih-Family-Catering-NaufalFadhil/spec/factories/menu_categories.rb": {
        "lines": [
          1,
          1,
          1,
          1,
          null,
          null
        ]
      },
      "/home/runner/Gigih-Family-Catering-NaufalFadhil/spec/factories/menus.rb": {
        "lines": [
          1,
          1,
          22,
          25,
          27,
          null,
          null,
          1,
          4,
          5,
          4,
          null,
          null,
          1,
          3,
          3,
          3,
          null,
          null
        ]
      },
      "/home/runner/Gigih-Family-Catering-NaufalFadhil/spec/factories/order_details.rb": {
        "lines": [
          1,
          1,
          1,
          1,
          1,
          null,
          null
        ]
      },
      "/home/runner/Gigih-Family-Catering-NaufalFadhil/spec/factories/orders.rb": {
        "lines": [
          1,
          1,
          1,
          1,
          1,
          1,
          null,
          null
        ]
      },
      "/home/runner/Gigih-Family-Catering-NaufalFadhil/app/helpers/admins_helper.rb": {
        "lines": [
          1,
          null
        ]
      },
      "/home/runner/Gigih-Family-Catering-NaufalFadhil/app/helpers/application_helper.rb": {
        "lines": [
          1,
          null
        ]
      },
      "/home/runner/Gigih-Family-Catering-NaufalFadhil/app/helpers/categories_helper.rb": {
        "lines": [
          1,
          null
        ]
      },
      "/home/runner/Gigih-Family-Catering-NaufalFadhil/app/helpers/customers_helper.rb": {
        "lines": [
          1,
          null
        ]
      },
      "/home/runner/Gigih-Family-Catering-NaufalFadhil/app/helpers/menu_categories_helper.rb": {
        "lines": [
          1,
          null
        ]
      },
      "/home/runner/Gigih-Family-Catering-NaufalFadhil/app/helpers/menus_helper.rb": {
        "lines": [
          1,
          null
        ]
      },
      "/home/runner/Gigih-Family-Catering-NaufalFadhil/app/helpers/order_details_helper.rb": {
        "lines": [
          1,
          null
        ]
      },
      "/home/runner/Gigih-Family-Catering-NaufalFadhil/app/helpers/orders_helper.rb": {
        "lines": [
          1,
          null
        ]
      },
      "/home/runner/Gigih-Family-Catering-NaufalFadhil/spec/support/factory_bot.rb": {
        "lines": [
          1,
          1,
          null
        ]
      },
      "/home/runner/Gigih-Family-Catering-NaufalFadhil/app/controllers/menus_controller.rb": {
        "lines": [
          1,
          1,
          null,
          null,
          1,
          2,
          null,
          null,
          null,
          1,
          null,
          null,
          null,
          1,
          2,
          null,
          null,
          null,
          1,
          null,
          null,
          null,
          1,
          4,
          null,
          4,
          4,
          4,
          2,
          null,
          4,
          2,
          null,
          null,
          null,
          null,
          null,
          1,
          5,
          5,
          6,
          3,
          null,
          4,
          2,
          null,
          null,
          null,
          null,
          null,
          1,
          2,
          null,
          2,
          4,
          2,
          null,
          null,
          null,
          1,
          null,
          1,
          11,
          null,
          null,
          null,
          1,
          9,
          null,
          null
        ]
      },
      "/home/runner/Gigih-Family-Catering-NaufalFadhil/app/controllers/application_controller.rb": {
        "lines": [
          1,
          null
        ]
      },
      "/home/runner/Gigih-Family-Catering-NaufalFadhil/spec/models/admin_spec.rb": {
        "lines": [
          1,
          null,
          1,
          null,
          null
        ]
      },
      "/home/runner/Gigih-Family-Catering-NaufalFadhil/app/models/admin.rb": {
        "lines": [
          1,
          1,
          null
        ]
      },
      "/home/runner/Gigih-Family-Catering-NaufalFadhil/app/models/application_record.rb": {
        "lines": [
          1,
          1,
          null
        ]
      },
      "/home/runner/Gigih-Family-Catering-NaufalFadhil/spec/models/category_spec.rb": {
        "lines": [
          1,
          null,
          1,
          1,
          1,
          1,
          null,
          null,
          null,
          1,
          1,
          1,
          null,
          null,
          1,
          1,
          1,
          null,
          1,
          null,
          null,
          null
        ]
      },
      "/home/runner/Gigih-Family-Catering-NaufalFadhil/app/models/category.rb": {
        "lines": [
          1,
          1,
          1,
          null,
          1,
          null
        ]
      },
      "/home/runner/Gigih-Family-Catering-NaufalFadhil/spec/models/customer_spec.rb": {
        "lines": [
          1,
          null,
          1,
          1,
          1,
          1,
          null,
          null,
          1,
          1,
          null,
          null,
          null,
          1,
          1,
          1,
          null,
          null,
          null
        ]
      },
      "/home/runner/Gigih-Family-Catering-NaufalFadhil/app/models/customer.rb": {
        "lines": [
          1,
          1,
          null,
          1,
          null
        ]
      },
      "/home/runner/Gigih-Family-Catering-NaufalFadhil/spec/models/menu_category_spec.rb": {
        "lines": [
          1,
          null,
          1,
          null,
          null
        ]
      },
      "/home/runner/Gigih-Family-Catering-NaufalFadhil/app/models/menu_category.rb": {
        "lines": [
          1,
          1,
          1,
          null
        ]
      },
      "/home/runner/Gigih-Family-Catering-NaufalFadhil/spec/models/menu_spec.rb": {
        "lines": [
          1,
          null,
          1,
          1,
          1,
          1,
          null,
          null,
          1,
          1,
          null,
          null,
          null,
          1,
          1,
          1,
          null,
          null,
          1,
          1,
          1,
          null,
          1,
          null,
          null,
          1,
          1,
          1,
          1,
          null,
          1,
          null,
          null,
          null,
          1,
          1,
          1,
          1,
          null,
          1,
          null,
          null,
          1,
          1,
          1,
          null,
          1,
          null,
          null,
          1,
          1,
          1,
          null,
          1,
          null,
          null,
          null,
          1,
          1,
          1,
          1,
          null,
          1,
          null,
          null,
          1,
          1,
          1,
          null,
          1,
          null,
          null,
          null
        ]
      },
      "/home/runner/Gigih-Family-Catering-NaufalFadhil/app/models/menu.rb": {
        "lines": [
          1,
          1,
          1,
          1,
          null,
          1,
          1,
          1,
          1,
          null
        ]
      },
      "/home/runner/Gigih-Family-Catering-NaufalFadhil/spec/models/order_detail_spec.rb": {
        "lines": [
          1,
          null,
          1,
          null,
          null
        ]
      },
      "/home/runner/Gigih-Family-Catering-NaufalFadhil/app/models/order_detail.rb": {
        "lines": [
          1,
          1,
          1,
          null
        ]
      },
      "/home/runner/Gigih-Family-Catering-NaufalFadhil/spec/models/order_spec.rb": {
        "lines": [
          1,
          null,
          1,
          null,
          null
        ]
      },
      "/home/runner/Gigih-Family-Catering-NaufalFadhil/app/models/order.rb": {
        "lines": [
          1,
          1,
          1,
          1,
          null
        ]
      }
    },
    "timestamp": 1650628300
  }
}
